Performing C SOURCE FILE Test CMAKE_HAVE_LIBC_PTHREAD failed with the following output:
Change Dir: /home/shuran/CppND/build/CMakeFiles/CMakeTmp

Run Build Command(s):/usr/bin/make -f Makefile cmTC_9c658/fast && make[1]: Entering directory '/home/shuran/CppND/build/CMakeFiles/CMakeTmp'
/usr/bin/make  -f CMakeFiles/cmTC_9c658.dir/build.make CMakeFiles/cmTC_9c658.dir/build
make[2]: Entering directory '/home/shuran/CppND/build/CMakeFiles/CMakeTmp'
Building C object CMakeFiles/cmTC_9c658.dir/src.c.o
/usr/bin/cc -DCMAKE_HAVE_LIBC_PTHREAD   -o CMakeFiles/cmTC_9c658.dir/src.c.o -c /home/shuran/CppND/build/CMakeFiles/CMakeTmp/src.c
Linking C executable cmTC_9c658
/snap/cmake/918/bin/cmake -E cmake_link_script CMakeFiles/cmTC_9c658.dir/link.txt --verbose=1
/usr/bin/cc CMakeFiles/cmTC_9c658.dir/src.c.o -o cmTC_9c658 
CMakeFiles/cmTC_9c658.dir/src.c.o: In function `main':
src.c:(.text+0x3e): undefined reference to `pthread_create'
src.c:(.text+0x4a): undefined reference to `pthread_detach'
src.c:(.text+0x56): undefined reference to `pthread_cancel'
src.c:(.text+0x67): undefined reference to `pthread_join'
src.c:(.text+0x7b): undefined reference to `pthread_atfork'
collect2: error: ld returned 1 exit status
CMakeFiles/cmTC_9c658.dir/build.make:98: recipe for target 'cmTC_9c658' failed
make[2]: *** [cmTC_9c658] Error 1
make[2]: Leaving directory '/home/shuran/CppND/build/CMakeFiles/CMakeTmp'
Makefile:127: recipe for target 'cmTC_9c658/fast' failed
make[1]: *** [cmTC_9c658/fast] Error 2
make[1]: Leaving directory '/home/shuran/CppND/build/CMakeFiles/CMakeTmp'


Source file was:
#include <pthread.h>

static void* test_func(void* data)
{
  return data;
}

int main(void)
{
  pthread_t thread;
  pthread_create(&thread, NULL, test_func, NULL);
  pthread_detach(thread);
  pthread_cancel(thread);
  pthread_join(thread, NULL);
  pthread_atfork(NULL, NULL, NULL);
  pthread_exit(NULL);

  return 0;
}

Determining if the function pthread_create exists in the pthreads failed with the following output:
Change Dir: /home/shuran/CppND/build/CMakeFiles/CMakeTmp

Run Build Command(s):/usr/bin/make -f Makefile cmTC_406d1/fast && make[1]: Entering directory '/home/shuran/CppND/build/CMakeFiles/CMakeTmp'
/usr/bin/make  -f CMakeFiles/cmTC_406d1.dir/build.make CMakeFiles/cmTC_406d1.dir/build
make[2]: Entering directory '/home/shuran/CppND/build/CMakeFiles/CMakeTmp'
Building C object CMakeFiles/cmTC_406d1.dir/CheckFunctionExists.c.o
/usr/bin/cc   -DCHECK_FUNCTION_EXISTS=pthread_create -o CMakeFiles/cmTC_406d1.dir/CheckFunctionExists.c.o -c /snap/cmake/918/share/cmake-3.21/Modules/CheckFunctionExists.c
Linking C executable cmTC_406d1
/snap/cmake/918/bin/cmake -E cmake_link_script CMakeFiles/cmTC_406d1.dir/link.txt --verbose=1
/usr/bin/cc  -DCHECK_FUNCTION_EXISTS=pthread_create CMakeFiles/cmTC_406d1.dir/CheckFunctionExists.c.o -o cmTC_406d1  -lpthreads 
/usr/bin/ld: cannot find -lpthreads
collect2: error: ld returned 1 exit status
CMakeFiles/cmTC_406d1.dir/build.make:98: recipe for target 'cmTC_406d1' failed
make[2]: *** [cmTC_406d1] Error 1
make[2]: Leaving directory '/home/shuran/CppND/build/CMakeFiles/CMakeTmp'
Makefile:127: recipe for target 'cmTC_406d1/fast' failed
make[1]: *** [cmTC_406d1/fast] Error 2
make[1]: Leaving directory '/home/shuran/CppND/build/CMakeFiles/CMakeTmp'



